<?xml version="1.0" encoding="UTF-8"?>
<testng-results ignored="0" total="1" passed="1" failed="0" skipped="0">
  <reporter-output>
  </reporter-output>
  <suite started-at="2024-05-09T07:59:15Z" name="Default suite" finished-at="2024-05-09T07:59:28Z" duration-ms="13107">
    <groups>
    </groups>
    <test started-at="2024-05-09T07:59:15Z" name="Default test" finished-at="2024-05-09T07:59:28Z" duration-ms="13107">
      <class name="practice.TestNG.SampleReportTest">
        <test-method is-config="true" signature="configbs()[pri:0, instance:practice.TestNG.SampleReportTest@1869fbd2]" started-at="2024-05-09T07:59:14Z" name="configbs" finished-at="2024-05-09T07:59:15Z" duration-ms="625" status="PASS">
          <reporter-output>
          </reporter-output>
        </test-method> <!-- configbs -->
        <test-method signature="createContactTest()[pri:0, instance:practice.TestNG.SampleReportTest@1869fbd2]" started-at="2024-05-09T07:59:15Z" name="createContactTest" finished-at="2024-05-09T07:59:28Z" duration-ms="13069" status="PASS">
          <reporter-output>
          </reporter-output>
        </test-method> <!-- createContactTest -->
        <test-method is-config="true" signature="configas()[pri:0, instance:practice.TestNG.SampleReportTest@1869fbd2]" started-at="2024-05-09T07:59:28Z" name="configas" finished-at="2024-05-09T07:59:29Z" duration-ms="776" status="PASS">
          <reporter-output>
          </reporter-output>
        </test-method> <!-- configas -->
      </class> <!-- practice.TestNG.SampleReportTest -->
    </test> <!-- Default test -->
  </suite> <!-- Default suite -->
</testng-results>
